<?xml version="1.0" encoding="UTF-8"?>
<coverage generated="1684392137610" clover="3.2.0">
  <project timestamp="1684392137610" name="All files">
    <metrics statements="39" coveredstatements="32" conditionals="35" coveredconditionals="24" methods="5" coveredmethods="5" elements="79" coveredelements="61" complexity="0" loc="39" ncloc="39" packages="2" files="2" classes="2"/>
    <package name="__fixtures__">
      <metrics statements="1" coveredstatements="1" conditionals="0" coveredconditionals="0" methods="0" coveredmethods="0"/>
      <file name="fortest.js" path="/home/pakkie/frontend-bootcamp-project-46/__fixtures__/fortest.js">
        <metrics statements="1" coveredstatements="1" conditionals="0" coveredconditionals="0" methods="0" coveredmethods="0"/>
        <line num="2" count="1" type="stmt"/>
      </file>
    </package>
    <package name="src">
      <metrics statements="38" coveredstatements="31" conditionals="35" coveredconditionals="24" methods="5" coveredmethods="5"/>
      <file name="index.js" path="/home/pakkie/frontend-bootcamp-project-46/src/index.js">
        <metrics statements="38" coveredstatements="31" conditionals="35" coveredconditionals="24" methods="5" coveredmethods="5"/>
        <line num="6" count="1" type="stmt"/>
        <line num="7" count="1" type="stmt"/>
        <line num="9" count="1" type="cond" truecount="1" falsecount="1"/>
        <line num="10" count="1" type="stmt"/>
        <line num="12" count="0" type="stmt"/>
        <line num="13" count="0" type="stmt"/>
        <line num="14" count="0" type="cond" truecount="0" falsecount="2"/>
        <line num="16" count="0" type="cond" truecount="0" falsecount="6"/>
        <line num="18" count="0" type="stmt"/>
        <line num="22" count="0" type="stmt"/>
        <line num="25" count="1" type="stmt"/>
        <line num="26" count="1" type="stmt"/>
        <line num="27" count="1" type="stmt"/>
        <line num="28" count="1" type="stmt"/>
        <line num="29" count="1" type="stmt"/>
        <line num="30" count="1" type="stmt"/>
        <line num="31" count="5" type="cond" truecount="2" falsecount="0"/>
        <line num="32" count="5" type="cond" truecount="5" falsecount="0"/>
        <line num="33" count="1" type="stmt"/>
        <line num="37" count="5" type="cond" truecount="4" falsecount="0"/>
        <line num="38" count="5" type="cond" truecount="4" falsecount="0"/>
        <line num="40" count="1" type="stmt"/>
        <line num="44" count="1" type="stmt"/>
        <line num="45" count="1" type="stmt"/>
        <line num="46" count="1" type="stmt"/>
        <line num="47" count="1" type="stmt"/>
        <line num="48" count="1" type="stmt"/>
        <line num="49" count="1" type="cond" truecount="1" falsecount="1"/>
        <line num="50" count="1" type="stmt"/>
        <line num="51" count="5" type="stmt"/>
        <line num="56" count="5" type="cond" truecount="2" falsecount="0"/>
        <line num="57" count="3" type="cond" truecount="2" falsecount="0"/>
        <line num="58" count="2" type="cond" truecount="2" falsecount="0"/>
        <line num="59" count="1" type="cond" truecount="1" falsecount="1"/>
        <line num="60" count="1" type="stmt"/>
        <line num="61" count="1" type="stmt"/>
        <line num="63" count="0" type="stmt"/>
        <line num="65" count="1" type="stmt"/>
      </file>
    </package>
  </project>
</coverage>
