{"/home/pakkie/frontend-bootcamp-project-46/__fixtures__/fortest.js": {"path":"/home/pakkie/frontend-bootcamp-project-46/__fixtures__/fortest.js","statementMap":{"0":{"start":{"line":2,"column":0},"end":{"line":9,"column":2}}},"fnMap":{},"branchMap":{},"s":{"0":1},"f":{},"b":{},"_coverageSchema":"1a1c01bbd47fc00a2c39e90264f33305004495a9","hash":"db44d2abeb897f22bb895fb33ee5cc30eeb646c8"}
,"/home/pakkie/frontend-bootcamp-project-46/src/index.js": {"path":"/home/pakkie/frontend-bootcamp-project-46/src/index.js","statementMap":{"0":{"start":{"line":6,"column":17},"end":{"line":6,"column":52}},"1":{"start":{"line":7,"column":17},"end":{"line":7,"column":52}},"2":{"start":{"line":9,"column":2},"end":{"line":11,"column":3}},"3":{"start":{"line":10,"column":4},"end":{"line":10,"column":17}},"4":{"start":{"line":12,"column":2},"end":{"line":20,"column":3}},"5":{"start":{"line":12,"column":15},"end":{"line":12,"column":16}},"6":{"start":{"line":13,"column":17},"end":{"line":13,"column":26}},"7":{"start":{"line":14,"column":27},"end":{"line":14,"column":101}},"8":{"start":{"line":16,"column":4},"end":{"line":19,"column":5}},"9":{"start":{"line":18,"column":6},"end":{"line":18,"column":19}},"10":{"start":{"line":22,"column":2},"end":{"line":22,"column":14}},"11":{"start":{"line":25,"column":26},"end":{"line":41,"column":1}},"12":{"start":{"line":26,"column":20},"end":{"line":26,"column":51}},"13":{"start":{"line":27,"column":20},"end":{"line":27,"column":51}},"14":{"start":{"line":28,"column":15},"end":{"line":28,"column":72}},"15":{"start":{"line":29,"column":17},"end":{"line":29,"column":19}},"16":{"start":{"line":30,"column":2},"end":{"line":39,"column":5}},"17":{"start":{"line":31,"column":4},"end":{"line":31,"column":91}},"18":{"start":{"line":31,"column":35},"end":{"line":31,"column":91}},"19":{"start":{"line":32,"column":4},"end":{"line":36,"column":5}},"20":{"start":{"line":33,"column":6},"end":{"line":35,"column":9}},"21":{"start":{"line":37,"column":4},"end":{"line":37,"column":106}},"22":{"start":{"line":37,"column":49},"end":{"line":37,"column":106}},"23":{"start":{"line":38,"column":4},"end":{"line":38,"column":106}},"24":{"start":{"line":38,"column":49},"end":{"line":38,"column":106}},"25":{"start":{"line":40,"column":2},"end":{"line":40,"column":16}},"26":{"start":{"line":44,"column":24},"end":{"line":66,"column":1}},"27":{"start":{"line":45,"column":18},"end":{"line":45,"column":46}},"28":{"start":{"line":46,"column":18},"end":{"line":46,"column":46}},"29":{"start":{"line":47,"column":19},"end":{"line":47,"column":38}},"30":{"start":{"line":48,"column":19},"end":{"line":48,"column":38}},"31":{"start":{"line":49,"column":2},"end":{"line":49,"column":67}},"32":{"start":{"line":49,"column":35},"end":{"line":49,"column":67}},"33":{"start":{"line":50,"column":17},"end":{"line":64,"column":4}},"34":{"start":{"line":51,"column":21},"end":{"line":55,"column":5}},"35":{"start":{"line":56,"column":4},"end":{"line":56,"column":88}},"36":{"start":{"line":56,"column":32},"end":{"line":56,"column":88}},"37":{"start":{"line":57,"column":4},"end":{"line":57,"column":87}},"38":{"start":{"line":57,"column":31},"end":{"line":57,"column":87}},"39":{"start":{"line":58,"column":4},"end":{"line":58,"column":86}},"40":{"start":{"line":58,"column":32},"end":{"line":58,"column":86}},"41":{"start":{"line":59,"column":4},"end":{"line":62,"column":5}},"42":{"start":{"line":60,"column":24},"end":{"line":60,"column":120}},"43":{"start":{"line":61,"column":6},"end":{"line":61,"column":23}},"44":{"start":{"line":63,"column":4},"end":{"line":63,"column":19}},"45":{"start":{"line":65,"column":2},"end":{"line":65,"column":40}}},"fnMap":{"0":{"name":"isEqual","decl":{"start":{"line":5,"column":16},"end":{"line":5,"column":23}},"loc":{"start":{"line":5,"column":42},"end":{"line":23,"column":1}},"line":5},"1":{"name":"(anonymous_1)","decl":{"start":{"line":25,"column":26},"end":{"line":25,"column":27}},"loc":{"start":{"line":25,"column":44},"end":{"line":41,"column":1}},"line":25},"2":{"name":"(anonymous_2)","decl":{"start":{"line":30,"column":15},"end":{"line":30,"column":16}},"loc":{"start":{"line":30,"column":24},"end":{"line":39,"column":3}},"line":30},"3":{"name":"(anonymous_3)","decl":{"start":{"line":44,"column":24},"end":{"line":44,"column":25}},"loc":{"start":{"line":44,"column":42},"end":{"line":66,"column":1}},"line":44},"4":{"name":"(anonymous_4)","decl":{"start":{"line":50,"column":52},"end":{"line":50,"column":53}},"loc":{"start":{"line":50,"column":61},"end":{"line":64,"column":3}},"line":50}},"branchMap":{"0":{"loc":{"start":{"line":9,"column":2},"end":{"line":11,"column":3}},"type":"if","locations":[{"start":{"line":9,"column":2},"end":{"line":11,"column":3}},{"start":{},"end":{}}],"line":9},"1":{"loc":{"start":{"line":14,"column":27},"end":{"line":14,"column":101}},"type":"binary-expr","locations":[{"start":{"line":14,"column":27},"end":{"line":14,"column":62}},{"start":{"line":14,"column":66},"end":{"line":14,"column":101}}],"line":14},"2":{"loc":{"start":{"line":16,"column":4},"end":{"line":19,"column":5}},"type":"if","locations":[{"start":{"line":16,"column":4},"end":{"line":19,"column":5}},{"start":{},"end":{}}],"line":16},"3":{"loc":{"start":{"line":16,"column":8},"end":{"line":17,"column":65}},"type":"binary-expr","locations":[{"start":{"line":16,"column":9},"end":{"line":16,"column":24}},{"start":{"line":16,"column":29},"end":{"line":16,"column":60}},{"start":{"line":17,"column":8},"end":{"line":17,"column":22}},{"start":{"line":17,"column":26},"end":{"line":17,"column":64}}],"line":16},"4":{"loc":{"start":{"line":31,"column":4},"end":{"line":31,"column":91}},"type":"if","locations":[{"start":{"line":31,"column":4},"end":{"line":31,"column":91}},{"start":{},"end":{}}],"line":31},"5":{"loc":{"start":{"line":32,"column":4},"end":{"line":36,"column":5}},"type":"if","locations":[{"start":{"line":32,"column":4},"end":{"line":36,"column":5}},{"start":{},"end":{}}],"line":32},"6":{"loc":{"start":{"line":32,"column":8},"end":{"line":32,"column":75}},"type":"binary-expr","locations":[{"start":{"line":32,"column":8},"end":{"line":32,"column":25}},{"start":{"line":32,"column":29},"end":{"line":32,"column":46}},{"start":{"line":32,"column":50},"end":{"line":32,"column":75}}],"line":32},"7":{"loc":{"start":{"line":37,"column":4},"end":{"line":37,"column":106}},"type":"if","locations":[{"start":{"line":37,"column":4},"end":{"line":37,"column":106}},{"start":{},"end":{}}],"line":37},"8":{"loc":{"start":{"line":37,"column":8},"end":{"line":37,"column":47}},"type":"binary-expr","locations":[{"start":{"line":37,"column":8},"end":{"line":37,"column":25}},{"start":{"line":37,"column":29},"end":{"line":37,"column":47}}],"line":37},"9":{"loc":{"start":{"line":38,"column":4},"end":{"line":38,"column":106}},"type":"if","locations":[{"start":{"line":38,"column":4},"end":{"line":38,"column":106}},{"start":{},"end":{}}],"line":38},"10":{"loc":{"start":{"line":38,"column":8},"end":{"line":38,"column":47}},"type":"binary-expr","locations":[{"start":{"line":38,"column":8},"end":{"line":38,"column":25}},{"start":{"line":38,"column":29},"end":{"line":38,"column":47}}],"line":38},"11":{"loc":{"start":{"line":49,"column":2},"end":{"line":49,"column":67}},"type":"if","locations":[{"start":{"line":49,"column":2},"end":{"line":49,"column":67}},{"start":{},"end":{}}],"line":49},"12":{"loc":{"start":{"line":56,"column":4},"end":{"line":56,"column":88}},"type":"if","locations":[{"start":{"line":56,"column":4},"end":{"line":56,"column":88}},{"start":{},"end":{}}],"line":56},"13":{"loc":{"start":{"line":57,"column":4},"end":{"line":57,"column":87}},"type":"if","locations":[{"start":{"line":57,"column":4},"end":{"line":57,"column":87}},{"start":{},"end":{}}],"line":57},"14":{"loc":{"start":{"line":58,"column":4},"end":{"line":58,"column":86}},"type":"if","locations":[{"start":{"line":58,"column":4},"end":{"line":58,"column":86}},{"start":{},"end":{}}],"line":58},"15":{"loc":{"start":{"line":59,"column":4},"end":{"line":62,"column":5}},"type":"if","locations":[{"start":{"line":59,"column":4},"end":{"line":62,"column":5}},{"start":{},"end":{}}],"line":59}},"s":{"0":1,"1":1,"2":1,"3":1,"4":0,"5":0,"6":0,"7":0,"8":0,"9":0,"10":0,"11":1,"12":1,"13":1,"14":1,"15":1,"16":1,"17":5,"18":1,"19":5,"20":1,"21":5,"22":2,"23":5,"24":1,"25":1,"26":1,"27":1,"28":1,"29":1,"30":1,"31":1,"32":0,"33":1,"34":5,"35":5,"36":2,"37":3,"38":1,"39":2,"40":1,"41":1,"42":1,"43":1,"44":0,"45":1},"f":{"0":1,"1":1,"2":5,"3":1,"4":5},"b":{"0":[1,0],"1":[0,0],"2":[0,0],"3":[0,0,0,0],"4":[1,4],"5":[1,4],"6":[5,4,2],"7":[2,3],"8":[5,4],"9":[1,4],"10":[5,3],"11":[0,1],"12":[2,3],"13":[1,2],"14":[1,1],"15":[1,0]},"_coverageSchema":"1a1c01bbd47fc00a2c39e90264f33305004495a9","hash":"215d346029175b505cc00e067685929ac895acae"}
}
