TN:
SF:__fixtures__/fortest.js
FNF:0
FNH:0
DA:1,1
LF:1
LH:1
BRF:0
BRH:0
end_of_record
TN:
SF:src/index.js
FN:5,isEqual
FN:25,(anonymous_1)
FN:30,(anonymous_2)
FN:44,(anonymous_3)
FN:50,(anonymous_4)
FNF:5
FNH:5
FNDA:1,isEqual
FNDA:1,(anonymous_1)
FNDA:5,(anonymous_2)
FNDA:1,(anonymous_3)
FNDA:5,(anonymous_4)
DA:6,1
DA:7,1
DA:9,1
DA:10,1
DA:12,0
DA:13,0
DA:14,0
DA:16,0
DA:18,0
DA:22,0
DA:25,1
DA:26,1
DA:27,1
DA:28,1
DA:29,1
DA:30,1
DA:31,5
DA:32,5
DA:33,1
DA:37,5
DA:38,5
DA:40,1
DA:44,1
DA:45,1
DA:46,1
DA:47,1
DA:48,1
DA:49,1
DA:50,1
DA:51,5
DA:56,5
DA:57,3
DA:58,2
DA:59,1
DA:60,1
DA:61,1
DA:63,0
DA:65,1
LF:38
LH:31
BRDA:9,0,0,1
BRDA:9,0,1,0
BRDA:14,1,0,0
BRDA:14,1,1,0
BRDA:16,2,0,0
BRDA:16,2,1,0
BRDA:16,3,0,0
BRDA:16,3,1,0
BRDA:16,3,2,0
BRDA:16,3,3,0
BRDA:31,4,0,1
BRDA:31,4,1,4
BRDA:32,5,0,1
BRDA:32,5,1,4
BRDA:32,6,0,5
BRDA:32,6,1,4
BRDA:32,6,2,2
BRDA:37,7,0,2
BRDA:37,7,1,3
BRDA:37,8,0,5
BRDA:37,8,1,4
BRDA:38,9,0,1
BRDA:38,9,1,4
BRDA:38,10,0,5
BRDA:38,10,1,3
BRDA:49,11,0,0
BRDA:49,11,1,1
BRDA:56,12,0,2
BRDA:56,12,1,3
BRDA:57,13,0,1
BRDA:57,13,1,2
BRDA:58,14,0,1
BRDA:58,14,1,1
BRDA:59,15,0,1
BRDA:59,15,1,0
BRF:35
BRH:24
end_of_record
